/*C12*/SET SCHEMA PUBLIC
\u000d\u000a    drop table user_tbl if exists
\u000d\u000a    create table user_tbl (\u000d\u000a       id integer generated by default as identity (start with 1),\u000d\u000a        name varchar(255) not null,\u000d\u000a        primary key (id)\u000d\u000a    )
INSERT INTO USER_TBL VALUES(1,'Ko Ko')
COMMIT
INSERT INTO USER_TBL VALUES(2,'Mg Mg')
COMMIT
INSERT INTO USER_TBL VALUES(3,'Mya Mya')
COMMIT
\u000d\u000a    drop table user_tbl if exists
DISCONNECT
/*C13*/SET SCHEMA PUBLIC
DISCONNECT
/*C14*/SET SCHEMA PUBLIC
DISCONNECT
/*C15*/SET SCHEMA PUBLIC
DISCONNECT
/*C16*/SET SCHEMA PUBLIC
DISCONNECT
/*C17*/SET SCHEMA PUBLIC
DISCONNECT
/*C18*/SET SCHEMA PUBLIC
DISCONNECT
/*C19*/SET SCHEMA PUBLIC
DISCONNECT
/*C20*/SET SCHEMA PUBLIC
DISCONNECT
/*C21*/SET SCHEMA PUBLIC
DISCONNECT
